[    0.000000] Initializing cgroup subsys cpuset
[    0.000000] Initializing cgroup subsys cpu
[    0.000000] Initializing cgroup subsys cpuacct
[    0.000000] Linux version 4.4.0-190-generic (buildd@lcy01-amd64-026) (gcc version 5.4.0 20160609 (Ubuntu 5.4.0-6ubuntu1~16.04.12) ) #220-Ubuntu SMP Fri Aug 28 23:02:15 UTC 2020 (Ubuntu 4.4.0-190.220-generic 4.4.233)
[    0.000000] Command line: BOOT_IMAGE=/boot/vmlinuz-4.4.0-190-generic root=LABEL=cloudimg-rootfs ro console=tty1 console=ttyS0
[    0.000000] KERNEL supported cpus:
[    0.000000]   Intel GenuineIntel
[    0.000000]   AMD AuthenticAMD
[    0.000000]   Centaur CentaurHauls
[    0.000000] x86/fpu: Legacy x87 FPU detected.
[    0.000000] e820: BIOS-provided physical RAM map:
[    0.000000] BIOS-e820: [mem 0x0000000000000000-0x000000000009fbff] usable
[    0.000000] BIOS-e820: [mem 0x000000000009fc00-0x000000000009ffff] reserved
[    0.000000] BIOS-e820: [mem 0x00000000000f0000-0x00000000000fffff] reserved
[    0.000000] BIOS-e820: [mem 0x0000000000100000-0x000000003ffeffff] usable
[    0.000000] BIOS-e820: [mem 0x000000003fff0000-0x000000003fffffff] ACPI data
[    0.000000] BIOS-e820: [mem 0x00000000fec00000-0x00000000fec00fff] reserved
[    0.000000] BIOS-e820: [mem 0x00000000fee00000-0x00000000fee00fff] reserved
[    0.000000] BIOS-e820: [mem 0x00000000fffc0000-0x00000000ffffffff] reserved
[    0.000000] NX (Execute Disable) protection: active
[    0.000000] SMBIOS 2.5 present.
[    0.000000] Hypervisor detected: KVM
[    0.000000] e820: last_pfn = 0x3fff0 max_arch_pfn = 0x400000000
[    0.000000] MTRR: Disabled
[    0.000000] x86/PAT: MTRRs disabled, skipping PAT initialization too.
[    0.000000] CPU MTRRs all blank - virtualized system.
[    0.000000] x86/PAT: Configuration [0-7]: WB  WT  UC- UC  WB  WT  UC- UC  
[    0.000000] found SMP MP-table at [mem 0x0009fff0-0x0009ffff] mapped at [ffff88000009fff0]
[    0.000000] Scanning 1 areas for low memory corruption
[    0.000000] RAMDISK: [mem 0x362e0000-0x37167fff]
[    0.000000] ACPI: Early table checksum verification disabled
[    0.000000] ACPI: RSDP 0x00000000000E0000 000024 (v02 VBOX  )
[    0.000000] ACPI: XSDT 0x000000003FFF0030 00003C (v01 VBOX   VBOXXSDT 00000001 ASL  00000061)
[    0.000000] ACPI: FACP 0x000000003FFF00F0 0000F4 (v04 VBOX   VBOXFACP 00000001 ASL  00000061)
[    0.000000] ACPI: DSDT 0x000000003FFF0470 002325 (v02 VBOX   VBOXBIOS 00000002 INTL 20100528)
[    0.000000] ACPI: FACS 0x000000003FFF0200 000040
[    0.000000] ACPI: FACS 0x000000003FFF0200 000040
[    0.000000] ACPI: APIC 0x000000003FFF0240 00005C (v02 VBOX   VBOXAPIC 00000001 ASL  00000061)
[    0.000000] ACPI: SSDT 0x000000003FFF02A0 0001CC (v01 VBOX   VBOXCPUT 00000002 INTL 20100528)
[    0.000000] No NUMA configuration found
[    0.000000] Faking a node at [mem 0x0000000000000000-0x000000003ffeffff]
[    0.000000] NODE_DATA(0) allocated [mem 0x3ffeb000-0x3ffeffff]
[    0.000000] kvm-clock: Using msrs 4b564d01 and 4b564d00
[    0.000000] kvm-clock: cpu 0, msr 0:3ffe3001, primary cpu clock
[    0.000000] kvm-clock: using sched offset of 4931564688 cycles
[    0.000000] clocksource: kvm-clock: mask: 0xffffffffffffffff max_cycles: 0x1cd42e4dffb, max_idle_ns: 881590591483 ns
[    0.000000] Zone ranges:
[    0.000000]   DMA      [mem 0x0000000000001000-0x0000000000ffffff]
[    0.000000]   DMA32    [mem 0x0000000001000000-0x000000003ffeffff]
[    0.000000]   Normal   empty
[    0.000000]   Device   empty
[    0.000000] Movable zone start for each node
[    0.000000] Early memory node ranges
[    0.000000]   node   0: [mem 0x0000000000001000-0x000000000009efff]
[    0.000000]   node   0: [mem 0x0000000000100000-0x000000003ffeffff]
[    0.000000] Initmem setup node 0 [mem 0x0000000000001000-0x000000003ffeffff]
[    0.000000] ACPI: PM-Timer IO Port: 0x4008
[    0.000000] IOAPIC[0]: apic_id 2, version 32, address 0xfec00000, GSI 0-23
[    0.000000] ACPI: INT_SRC_OVR (bus 0 bus_irq 0 global_irq 2 dfl dfl)
[    0.000000] ACPI: INT_SRC_OVR (bus 0 bus_irq 9 global_irq 9 low level)
[    0.000000] Using ACPI (MADT) for SMP configuration information
[    0.000000] smpboot: Allowing 2 CPUs, 0 hotplug CPUs
[    0.000000] PM: Registered nosave memory: [mem 0x00000000-0x00000fff]
[    0.000000] PM: Registered nosave memory: [mem 0x0009f000-0x0009ffff]
[    0.000000] PM: Registered nosave memory: [mem 0x000a0000-0x000effff]
[    0.000000] PM: Registered nosave memory: [mem 0x000f0000-0x000fffff]
[    0.000000] e820: [mem 0x40000000-0xfebfffff] available for PCI devices
[    0.000000] Booting paravirtualized kernel on KVM
[    0.000000] clocksource: refined-jiffies: mask: 0xffffffff max_cycles: 0xffffffff, max_idle_ns: 7645519600211568 ns
[    0.000000] setup_percpu: NR_CPUS:512 nr_cpumask_bits:512 nr_cpu_ids:2 nr_node_ids:1
[    0.000000] PERCPU: Embedded 33 pages/cpu @ffff88003fc00000 s95512 r8192 d31464 u1048576
[    0.000000] Built 1 zonelists in Node order, mobility grouping on.  Total pages: 257912
[    0.000000] Policy zone: DMA32
[    0.000000] Kernel command line: BOOT_IMAGE=/boot/vmlinuz-4.4.0-190-generic root=LABEL=cloudimg-rootfs ro console=tty1 console=ttyS0
[    0.000000] PID hash table entries: 4096 (order: 3, 32768 bytes)
[    0.000000] Memory: 997664K/1048120K available (8636K kernel code, 1337K rwdata, 4040K rodata, 1492K init, 1296K bss, 50456K reserved, 0K cma-reserved)
[    0.000000] SLUB: HWalign=64, Order=0-3, MinObjects=0, CPUs=2, Nodes=1
[    0.000000] Kernel/User page tables isolation: enabled
[    0.000000] Hierarchical RCU implementation.
[    0.000000] 	Build-time adjustment of leaf fanout to 64.
[    0.000000] 	RCU restricting CPUs from NR_CPUS=512 to nr_cpu_ids=2.
[    0.000000] RCU: Adjusting geometry for rcu_fanout_leaf=64, nr_cpu_ids=2
[    0.000000] NR_IRQS:33024 nr_irqs:440 16
[    0.000000] Console: colour VGA+ 80x25
[    0.000000] console [tty1] enabled
[    0.000000] console [ttyS0] enabled
[    0.000000] tsc: Detected 3600.000 MHz processor
[    0.698046] Calibrating delay loop (skipped) preset value.. 7200.00 BogoMIPS (lpj=14400000)
[    0.706767] pid_max: default: 32768 minimum: 301
[    0.710490] ACPI: Core revision 20150930
[    0.714936] ACPI: 2 ACPI AML tables successfully acquired and loaded
[    0.723190] Security Framework initialized
[    0.726810] Yama: becoming mindful.
[    0.730069] AppArmor: AppArmor initialized
[    0.733644] Dentry cache hash table entries: 131072 (order: 8, 1048576 bytes)
[    0.744378] Inode-cache hash table entries: 65536 (order: 7, 524288 bytes)
[    0.755951] Mount-cache hash table entries: 2048 (order: 2, 16384 bytes)
[    0.762541] Mountpoint-cache hash table entries: 2048 (order: 2, 16384 bytes)
[    0.773459] Initializing cgroup subsys io
[    0.776987] Initializing cgroup subsys memory
[    0.783504] Initializing cgroup subsys devices
[    0.790151] Initializing cgroup subsys freezer
[    0.794541] Initializing cgroup subsys net_cls
[    0.798480] Initializing cgroup subsys perf_event
[    0.804931] Initializing cgroup subsys net_prio
[    0.809056] Initializing cgroup subsys hugetlb
[    0.813106] Initializing cgroup subsys pids
[    0.818075] mce: CPU supports 0 MCE banks
[    0.822629] Last level iTLB entries: 4KB 128, 2MB 8, 4MB 8
[    0.828463] Last level dTLB entries: 4KB 64, 2MB 0, 4MB 0, 1GB 4
[    0.835264] Spectre V1 : Mitigation: usercopy/swapgs barriers and __user pointer sanitization
[    0.845155] Spectre V2 : Mitigation: Full generic retpoline
[    0.851661] Spectre V2 : Spectre v2 / SpectreRSB mitigation: Filling RSB on context switch
[    0.859937] Speculative Store Bypass: Vulnerable
[    0.865193] MDS: Mitigation: Clear CPU buffers
[    0.893006] Freeing SMP alternatives memory: 36K
[    0.945617] ftrace: allocating 32339 entries in 127 pages
[    1.655618] smpboot: APIC(0) Converting physical 0 to logical package 0
[    1.661305] smpboot: Max logical packages: 1
[    1.686428] ..TIMER: vector=0x30 apic1=0 pin1=2 apic2=-1 pin2=-1
[    1.801112] APIC calibration not consistent with PM-Timer: 101ms instead of 100ms
[    1.809984] APIC delta adjusted to PM-Timer: 6332068 (6402703)
[    1.816787] smpboot: CPU0: Intel(R) Core(TM) i3-8100 CPU @ 3.60GHz (family: 0x6, model: 0x9e, stepping: 0xb)
[    1.830710] Performance Events: unsupported p6 CPU model 158 no PMU driver, software events only.
[    1.911739] KVM setup paravirtual spinlock
[    1.925029] x86: Booting SMP configuration:
[    1.929072] .... node  #0, CPUs:      #1
[    1.937161] kvm-clock: cpu 1, msr 0:3ffe3041, secondary cpu clock
[    1.941325] mce: CPU supports 0 MCE banks
[    1.944462] TSC synchronization [CPU#0 -> CPU#1]:
[    1.949398] Measured 318186 cycles TSC warp between CPUs, turning off TSC clock.
[    1.960640] tsc: Marking TSC unstable due to check_tsc_sync_source failed
[    0.470315] x86: Booted up 1 node, 2 CPUs
[    0.472007] smpboot: Total of 2 processors activated (14400.00 BogoMIPS)
[    0.480771] devtmpfs: initialized
[    0.489114] evm: security.selinux
[    0.492007] evm: security.SMACK64
[    0.496006] evm: security.SMACK64EXEC
[    0.500003] evm: security.SMACK64TRANSMUTE
[    0.504006] evm: security.SMACK64MMAP
[    0.508007] evm: security.ima
[    0.510864] evm: security.capability
[    0.516417] clocksource: jiffies: mask: 0xffffffff max_cycles: 0xffffffff, max_idle_ns: 7645041785100000 ns
[    0.520046] futex hash table entries: 512 (order: 3, 32768 bytes)
[    0.524579] pinctrl core: initialized pinctrl subsystem
[    0.528352] RTC time: 21:58:30, date: 10/04/20
[    0.536011] NET: Registered protocol family 16
[    0.552020] cpuidle: using governor ladder
[    0.564018] cpuidle: using governor menu
[    0.567205] PCCT header not found.
[    0.568097] ACPI: bus type PCI registered
[    0.572004] acpiphp: ACPI Hot Plug PCI Controller Driver version: 0.5
[    0.576502] PCI: Using configuration type 1 for base access
[    0.600831] ACPI: Added _OSI(Module Device)
[    0.604006] ACPI: Added _OSI(Processor Device)
[    0.608007] ACPI: Added _OSI(3.0 _SCP Extensions)
[    0.612005] ACPI: Added _OSI(Processor Aggregator Device)
[    0.621290] ACPI: Executed 1 blocks of module-level executable AML code
[    0.633000] ACPI: Interpreter enabled
[    0.636020] ACPI: (supports S0 S5)
[    0.640017] ACPI: Using IOAPIC for interrupt routing
[    0.644284] PCI: Using host bridge windows from ACPI; if necessary, use "pci=nocrs" and report a bug
[    0.656125] ACPI: PCI Root Bridge [PCI0] (domain 0000 [bus 00-ff])
[    0.660011] acpi PNP0A03:00: _OSC: OS supports [ASPM ClockPM Segments MSI]
[    0.664685] acpi PNP0A03:00: _OSC: not requesting OS control; OS requires [ExtendedConfig ASPM ClockPM MSI]
[    0.668016] acpi PNP0A03:00: fail to add MMCONFIG information, can't access extended PCI configuration space under this bridge.
[    0.672511] PCI host bridge to bus 0000:00
[    0.676005] pci_bus 0000:00: root bus resource [io  0x0000-0x0cf7 window]
[    0.680008] pci_bus 0000:00: root bus resource [io  0x0d00-0xffff window]
[    0.684008] pci_bus 0000:00: root bus resource [mem 0x000a0000-0x000bffff window]
[    0.688008] pci_bus 0000:00: root bus resource [mem 0x40000000-0xfdffffff window]
[    0.692008] pci_bus 0000:00: root bus resource [bus 00-ff]
[    0.701094] pci 0000:00:01.1: legacy IDE quirk: reg 0x10: [io  0x01f0-0x01f7]
[    0.704007] pci 0000:00:01.1: legacy IDE quirk: reg 0x14: [io  0x03f6]
[    0.708024] pci 0000:00:01.1: legacy IDE quirk: reg 0x18: [io  0x0170-0x0177]
[    0.712008] pci 0000:00:01.1: legacy IDE quirk: reg 0x1c: [io  0x0376]
[    0.768506] pci 0000:00:07.0: quirk: [io  0x4000-0x403f] claimed by PIIX4 ACPI
[    0.772033] pci 0000:00:07.0: quirk: [io  0x4100-0x410f] claimed by PIIX4 SMB
[    0.782552] ACPI: PCI Interrupt Link [LNKA] (IRQs 5 9 10 *11)
[    0.789291] ACPI: PCI Interrupt Link [LNKB] (IRQs 5 9 *10 11)
[    0.796697] ACPI: PCI Interrupt Link [LNKC] (IRQs 5 *9 10 11)
[    0.802848] ACPI: PCI Interrupt Link [LNKD] (IRQs 5 9 10 *11)
[    0.810517] ACPI: Enabled 2 GPEs in block 00 to 07
[    0.812410] vgaarb: setting as boot device: PCI:0000:00:02.0
[    0.816000] vgaarb: device added: PCI:0000:00:02.0,decodes=io+mem,owns=io+mem,locks=none
[    0.816006] vgaarb: loaded
[    0.820003] vgaarb: bridge control possible 0000:00:02.0
[    0.824473] SCSI subsystem initialized
[    0.832206] ACPI: bus type USB registered
[    0.836038] usbcore: registered new interface driver usbfs
[    0.840019] usbcore: registered new interface driver hub
[    0.844150] usbcore: registered new device driver usb
[    0.852528] PCI: Using ACPI for IRQ routing
[    0.856698] NetLabel: Initializing
[    0.860002] NetLabel:  domain hash size = 128
[    0.864003] NetLabel:  protocols = UNLABELED CIPSOv4
[    0.868019] NetLabel:  unlabeled traffic allowed by default
[    0.872213] amd_nb: Cannot enumerate AMD northbridges
[    0.876274] clocksource: Switched to clocksource kvm-clock
[    0.920364] AppArmor: AppArmor Filesystem Enabled
[    0.924032] pnp: PnP ACPI init
[    0.924032] pnp: PnP ACPI: found 3 devices
[    0.976348] clocksource: acpi_pm: mask: 0xffffff max_cycles: 0xffffff, max_idle_ns: 2085701024 ns
[    0.980295] NET: Registered protocol family 2
[    0.987745] TCP established hash table entries: 8192 (order: 4, 65536 bytes)
[    0.994634] TCP bind hash table entries: 8192 (order: 5, 131072 bytes)
[    0.998192] TCP: Hash tables configured (established 8192 bind 8192)
[    0.998192] UDP hash table entries: 512 (order: 2, 16384 bytes)
[    0.998192] UDP-Lite hash table entries: 512 (order: 2, 16384 bytes)
[    0.998192] NET: Registered protocol family 1
[    0.998192] pci 0000:00:00.0: Limiting direct PCI/PCI transfers
[    0.998192] pci 0000:00:01.0: Activating ISA DMA hang workarounds
[    0.998192] Unpacking initramfs...
[    1.410894] Freeing initrd memory: 14880K
[    1.410894] clocksource: tsc: mask: 0xffffffffffffffff max_cycles: 0x33e452fbb2f, max_idle_ns: 440795236593 ns
[    1.410894] platform rtc_cmos: registered platform RTC device (no PNP device found)
[    1.410894] Scanning for low memory corruption every 60 seconds
[    1.490412] audit: initializing netlink subsys (disabled)
[    1.497235] audit: type=2000 audit(1601848717.521:1): initialized
[    1.503864] Initialise system trusted keyring
[    1.509556] HugeTLB registered 2 MB page size, pre-allocated 0 pages
[    1.517028] zbud: loaded
[    1.520171] VFS: Disk quotas dquot_6.6.0
[    1.523279] VFS: Dquot-cache hash table entries: 512 (order 0, 4096 bytes)
[    1.529726] squashfs: version 4.0 (2009/01/31) Phillip Lougher
[    1.536243] fuse init (API version 7.23)
[    1.540145] Key type big_key registered
[    1.543164] Allocating IMA MOK and blacklist keyrings.
[    1.560740] Key type asymmetric registered
[    1.564414] Asymmetric key parser 'x509' registered
[    1.568192] Block layer SCSI generic (bsg) driver version 0.4 loaded (major 249)
[    1.576657] io scheduler noop registered
[    1.580031] io scheduler deadline registered (default)
[    1.584960] io scheduler cfq registered
[    1.588072] pci_hotplug: PCI Hot Plug PCI Core version: 0.5
[    1.593331] pciehp: PCI Express Hot Plug Controller Driver version: 0.4
[    1.598901] ACPI: AC Adapter [AC] (on-line)
[    1.602179] input: Power Button as /devices/LNXSYSTM:00/LNXPWRBN:00/input/input0
[    1.602665] ACPI: Power Button [PWRF]
[    1.612714] input: Sleep Button as /devices/LNXSYSTM:00/LNXSLPBN:00/input/input1
[    1.618550] ACPI: Sleep Button [SLPF]
[    1.622574] GHES: HEST is not enabled!
[    1.626301] Serial: 8250/16550 driver, 32 ports, IRQ sharing enabled
[    1.657436] 00:02: ttyS0 at I/O 0x3f8 (irq = 4, base_baud = 115200) is a 16550A
[    1.685824] Linux agpgart interface v0.103
[    1.701283] loop: module loaded
[    1.706294] scsi host0: ata_piix
[    1.710059] scsi host1: ata_piix
[    1.713030] ata1: PATA max UDMA/33 cmd 0x1f0 ctl 0x3f6 bmdma 0xd000 irq 14
[    1.716941] ata2: PATA max UDMA/33 cmd 0x170 ctl 0x376 bmdma 0xd008 irq 15
[    1.723558] libphy: Fixed MDIO Bus: probed
[    1.727945] tun: Universal TUN/TAP device driver, 1.6
[    1.733524] tun: (C) 1999-2004 Max Krasnyansky <maxk@qualcomm.com>
[    1.738517] PPP generic driver version 2.4.2
[    1.743463] ehci_hcd: USB 2.0 'Enhanced' Host Controller (EHCI) Driver
[    1.750407] ehci-pci: EHCI PCI platform driver
[    1.754068] ehci-platform: EHCI generic platform driver
[    1.757929] ohci_hcd: USB 1.1 'Open' Host Controller (OHCI) Driver
[    1.757998] ohci-pci: OHCI PCI platform driver
[    1.757998] ohci-platform: OHCI generic platform driver
[    1.757998] uhci_hcd: USB Universal Host Controller Interface driver
[    1.757998] i8042: PNP: PS/2 Controller [PNP0303:PS2K,PNP0f03:PS2M] at 0x60,0x64 irq 1,12
[    1.785136] serio: i8042 KBD port at 0x60,0x64 irq 1
[    1.787453] serio: i8042 AUX port at 0x60,0x64 irq 12
[    1.794144] mousedev: PS/2 mouse device common for all mice
[    1.803153] rtc_cmos rtc_cmos: rtc core: registered rtc_cmos as rtc0
[    1.810532] rtc_cmos rtc_cmos: alarms up to one day, 114 bytes nvram
[    1.817727] input: AT Translated Set 2 keyboard as /devices/platform/i8042/serio0/input/input2
[    1.824714] i2c /dev entries driver
[    1.829697] device-mapper: uevent: version 1.0.3
[    1.836715] device-mapper: ioctl: 4.34.0-ioctl (2015-10-28) initialised: dm-devel@redhat.com
[    1.849988] ledtrig-cpu: registered to indicate activity on CPUs
[    1.857652] NET: Registered protocol family 10
[    1.862652] NET: Registered protocol family 17
[    1.866942] Key type dns_resolver registered
[    1.871348] registered taskstats version 1
[    1.875791] Loading compiled-in X.509 certificates
[    1.881714] Loaded X.509 cert 'Build time autogenerated kernel key: b89e9ea735e1dbde81c7786f041ecf1d53e71c2e'
[    1.890227] zswap: loaded using pool lzo/zbud
[    1.946385] Key type trusted registered
[    1.955975] Key type encrypted registered
[    1.960655] AppArmor: AppArmor sha1 policy hashing enabled
[    1.965934] ima: No TPM chip found, activating TPM-bypass!
[    1.970524] ima: Allocated hash algorithm: sha1
[    1.974658] evm: HMAC attrs: 0x1
[    1.978765]   Magic number: 8:994:1004
[    1.982259] input input1: hash matches
[    1.986871] rtc_cmos rtc_cmos: setting system clock to 2020-10-04 21:58:32 UTC (1601848712)
[    1.995871] BIOS EDD facility v0.16 2004-Jun-25, 0 devices found
[    2.002211] EDD information not available.
[    2.007893] Freeing unused kernel memory: 1492K
[    2.024437] Write protecting the kernel read-only data: 14336k
[    2.030526] Freeing unused kernel memory: 1592K
[    2.034989] Freeing unused kernel memory: 56K
Loading, please wait...
starting version 229
[    2.062977] random: udevadm: uninitialized urandom read (16 bytes read, 5 bits of entropy available)
[    2.063581] random: systemd-udevd: uninitialized urandom read (16 bytes read, 5 bits of entropy available)
[    2.063644] random: systemd-udevd: uninitialized urandom read (16 bytes read, 5 bits of entropy available)
[    2.063653] random: systemd-udevd: uninitialized urandom read (16 bytes read, 5 bits of entropy available)
[    2.063663] random: systemd-udevd: uninitialized urandom read (16 bytes read, 5 bits of entropy available)
[    2.105950] random: udevadm: uninitialized urandom read (16 bytes read, 5 bits of entropy available)
[    2.123160] random: systemd-udevd: uninitialized urandom read (16 bytes read, 5 bits of entropy available)
[    2.126112] random: udevadm: uninitialized urandom read (16 bytes read, 5 bits of entropy available)
[    2.126149] random: udevadm: uninitialized urandom read (16 bytes read, 5 bits of entropy available)
[    2.126307] random: udevadm: uninitialized urandom read (16 bytes read, 5 bits of entropy available)
[    2.203373] e1000: Intel(R) PRO/1000 Network Driver - version 7.3.21-k8-NAPI
[    2.210608] e1000: Copyright (c) 1999-2006 Intel Corporation.
[    2.252129] Fusion MPT base driver 3.04.20
[    2.256019] Copyright (c) 1999-2008 LSI Corporation
[    2.275112] Fusion MPT SPI Host driver 3.04.20
[    2.935107] input: ImExPS/2 Generic Explorer Mouse as /devices/platform/i8042/serio1/input/input4
[    2.973326] e1000 0000:00:03.0 eth0: (PCI:33MHz:32-bit) 02:83:3c:85:18:ff
[    2.979097] e1000 0000:00:03.0 eth0: Intel(R) PRO/1000 Network Connection
[    2.986720] e1000 0000:00:03.0 enp0s3: renamed from eth0
[    2.992798] mptbase: ioc0: Initiating bringup
[    3.067044] ioc0: LSI53C1030 A0: Capabilities={Initiator}
[    3.252229] scsi host2: ioc0: LSI53C1030 A0, FwRev=00000000h, Ports=1, MaxQ=256, IRQ=20
[    3.373707] scsi 2:0:0:0: Direct-Access     VBOX     HARDDISK         1.0  PQ: 0 ANSI: 5
[    3.380659] scsi target2:0:0: Beginning Domain Validation
[    3.392028] scsi target2:0:0: Domain Validation skipping write tests
[    3.399596] scsi target2:0:0: Ending Domain Validation
[    3.405759] scsi target2:0:0: asynchronous
[    3.413294] scsi 2:0:1:0: Direct-Access     VBOX     HARDDISK         1.0  PQ: 0 ANSI: 5
[    3.420394] scsi target2:0:1: Beginning Domain Validation
[    3.434427] scsi target2:0:1: Domain Validation skipping write tests
[    3.440657] scsi target2:0:1: Ending Domain Validation
[    3.446492] scsi target2:0:1: asynchronous
[    3.479906] sd 2:0:0:0: Attached scsi generic sg0 type 0
[    3.484272] sd 2:0:0:0: [sda] 20971520 512-byte logical blocks: (10.7 GB/10.0 GiB)
[    3.522316] sd 2:0:1:0: Attached scsi generic sg1 type 0
[    3.531543] sd 2:0:0:0: [sda] Write Protect is off
[    3.537090] sd 2:0:1:0: [sdb] 20480 512-byte logical blocks: (10.5 MB/10.0 MiB)
[    3.544916] sd 2:0:0:0: [sda] Incomplete mode parameter data
[    3.549756] sd 2:0:0:0: [sda] Assuming drive cache: write through
[    3.555649] sd 2:0:1:0: [sdb] Write Protect is off
[    3.561902] sd 2:0:1:0: [sdb] Incomplete mode parameter data
[    3.568367] sd 2:0:1:0: [sdb] Assuming drive cache: write through
[    3.597013]  sda: sda1
[    3.602673] sd 2:0:0:0: [sda] Attached SCSI disk
[    3.630728] sd 2:0:1:0: [sdb] Attached SCSI disk
Begin: Loading essential drivers ... [    5.380863] md: linear personality registered for level -1
[    5.391524] md: multipath personality registered for level -4
[    5.401996] md: raid0 personality registered for level 0
[    5.421666] md: raid1 personality registered for level 1
[    5.500199] raid6: sse2x1   gen() 11420 MB/s
[    5.572562] raid6: sse2x1   xor()  8389 MB/s
[    5.640104] raid6: sse2x2   gen() 12797 MB/s
[    5.708254] raid6: sse2x2   xor()  9292 MB/s
[    5.779946] raid6: sse2x4   gen() 13758 MB/s
[    5.852129] raid6: sse2x4   xor() 10743 MB/s
[    5.856191] raid6: using algorithm sse2x4 gen() 13758 MB/s
[    5.860138] raid6: .... xor() 10743 MB/s, rmw enabled
[    5.866243] raid6: using ssse3x2 recovery algorithm
[    5.873566] xor: measuring software checksum speed
